TN:
SF:src/main.js
FN:10,(anonymous_0)
FN:18,(anonymous_1)
FN:21,(anonymous_2)
FN:34,(anonymous_3)
FNF:4
FNH:4
FNDA:4,(anonymous_0)
FNDA:1,(anonymous_1)
FNDA:2,(anonymous_2)
FNDA:2,(anonymous_3)
DA:1,1
DA:2,1
DA:4,1
DA:6,1
DA:7,1
DA:10,1
DA:11,4
DA:12,4
DA:13,4
DA:14,4
DA:18,1
DA:19,1
DA:21,1
DA:22,2
DA:24,2
DA:25,1
DA:27,1
DA:28,0
DA:29,0
DA:31,0
DA:34,1
DA:35,2
DA:36,2
DA:37,1
DA:42,1
LF:25
LH:22
BRDA:24,0,0,1
BRDA:24,0,1,1
BRDA:28,1,0,0
BRDA:28,1,1,0
BRDA:36,2,0,1
BRDA:36,2,1,1
BRF:6
BRH:4
end_of_record
TN:
SF:src/reservation/reservation.service.js
FN:5,getReservedTickets
FN:7,(anonymous_1)
FN:8,(anonymous_2)
FN:10,createNewReservation
FN:11,(anonymous_4)
FN:12,(anonymous_5)
FNF:6
FNH:2
FNDA:1,getReservedTickets
FNDA:1,(anonymous_1)
FNDA:0,(anonymous_2)
FNDA:0,createNewReservation
FNDA:0,(anonymous_4)
FNDA:0,(anonymous_5)
DA:1,1
DA:2,1
DA:6,1
DA:7,1
DA:8,0
DA:11,0
DA:12,0
DA:15,1
LF:8
LH:5
BRF:0
BRH:0
end_of_record
